<?xml version="1.0" encoding="UTF-8"?>
<!-- Generated by org.testng.reporters.JUnitXMLReporter -->
<testsuite hostname="Srikanth-PC" ignored="1" name="Default test" tests="2" failures="0" timestamp="13 Jun 2019 13:06:36 GMT" time="0.101" errors="0">
  <testcase name="tc3" time="0.021" classname="TestNG.TestingTestNG"/>
  <testcase name="tc1" time="0.008" classname="TestNG.TestingTestNG"/>
  <testcase name="tc2" time="0.0" classname="TestNG.TestingTestNG">
    <ignored/>
  </testcase> <!-- tc2 -->
</testsuite> <!-- Default test -->
