<?xml version="1.0" encoding="UTF-8"?>
<!-- Generated by org.testng.reporters.JUnitXMLReporter -->
<testsuite hostname="Srikanth-PC" ignored="2" name="Test1" tests="4" failures="0" timestamp="14 Jun 2019 12:41:35 GMT" time="0.135" errors="0">
  <testcase name="tc300" time="0.01" classname="TestNG.TestingTestNG2"/>
  <testcase name="tc3" time="0.016" classname="TestNG.TestingTestNG"/>
  <testcase name="tc1" time="0.0" classname="TestNG.TestingTestNG"/>
  <testcase name="tc100" time="0.016" classname="TestNG.TestingTestNG2"/>
  <testcase name="tc1200" time="0.0" classname="TestNG.TestingTestNG2">
    <ignored/>
  </testcase> <!-- tc1200 -->
  <testcase name="tc2" time="0.0" classname="TestNG.TestingTestNG">
    <ignored/>
  </testcase> <!-- tc2 -->
</testsuite> <!-- Test1 -->
